Start testing: May 23 17:58 JST
----------------------------------------------------------
1/5 Testing: gmd_smoke_inline_lj
1/5 Test: gmd_smoke_inline_lj
Command: "/Users/guo/Documents/workspace/GMD/build/gmd" "/Users/guo/Documents/workspace/GMD/build/tests/smoke_xyz.in" "/Users/guo/Documents/workspace/GMD/build/tests/smoke_run.in"
Directory: /Users/guo/Documents/workspace/GMD/build
"gmd_smoke_inline_lj" start time: May 23 17:58 JST
Output:
----------------------------------------------------------
[gmd rank 0] Loaded inline force field from /Users/guo/Documents/workspace/GMD/build/tests/smoke_run.in (1 element type(s))
[gmd rank 0] Writing trajectory to /Users/guo/Documents/workspace/GMD/build/tests/output.xyz and energy log to /Users/guo/Documents/workspace/GMD/build/tests/output.log
[gmd rank 0] Running 20 steps with 4 atoms...
[gmd rank 0] Done. 2 frames written.
[gmd rank 0] Final PE = -0.0033783 eV
<end of output>
Test time =   0.00 sec
----------------------------------------------------------
Test Passed.
"gmd_smoke_inline_lj" end time: May 23 17:58 JST
"gmd_smoke_inline_lj" time elapsed: 00:00:00
----------------------------------------------------------

End testing: May 23 17:58 JST

integration =   0.00 sec*proc

smoke =   0.00 sec*proc

