Start testing: May 22 01:30 JST
----------------------------------------------------------
1/5 Testing: gmd_smoke_inline_lj
1/5 Test: gmd_smoke_inline_lj
Command: "/Users/guo/Documents/workspace/GMD/build_test/gmd" "/Users/guo/Documents/workspace/GMD/build_test/tests/smoke_xyz.in" "/Users/guo/Documents/workspace/GMD/build_test/tests/smoke_run.in"
Directory: /Users/guo/Documents/workspace/GMD/build_test
"gmd_smoke_inline_lj" start time: May 22 01:30 JST
Output:
----------------------------------------------------------
[gmd rank 0] Loaded inline force field from /Users/guo/Documents/workspace/GMD/build_test/tests/smoke_run.in (1 element type(s))
[gmd rank 0] Writing trajectory to /Users/guo/Documents/workspace/GMD/build_test/tests/output.xyz and energy log to /Users/guo/Documents/workspace/GMD/build_test/tests/output.log
[gmd rank 0] Running 20 steps with 4 atoms...
[gmd rank 0] Done. 2 frames written.
[gmd rank 0] Final PE = -0.0033783 eV
<end of output>
Test time =   0.00 sec
----------------------------------------------------------
Test Passed.
"gmd_smoke_inline_lj" end time: May 22 01:30 JST
"gmd_smoke_inline_lj" time elapsed: 00:00:00
----------------------------------------------------------

2/5 Testing: gmd_smoke_ewald
2/5 Test: gmd_smoke_ewald
Command: "/Users/guo/Documents/workspace/GMD/build_test/gmd" "/Users/guo/Documents/workspace/GMD/build_test/tests/smoke_ewald.xyz" "/Users/guo/Documents/workspace/GMD/build_test/tests/smoke_ewald.run"
Directory: /Users/guo/Documents/workspace/GMD/build_test
"gmd_smoke_ewald" start time: May 22 01:30 JST
Output:
----------------------------------------------------------
[gmd rank 0] Loaded inline force field from /Users/guo/Documents/workspace/GMD/build_test/tests/smoke_ewald.run (1 element type(s))
[gmd rank 0] Coulomb: Ewald  alpha=0.3  kmax=3  r_cut=8
[gmd rank 0] Writing trajectory to /Users/guo/Documents/workspace/GMD/build_test/tests/output.xyz and energy log to /Users/guo/Documents/workspace/GMD/build_test/tests/output.log
[gmd rank 0] Running 10 steps with 8 atoms...
[gmd rank 0] Done. 2 frames written.
[gmd rank 0] Final PE = -0.826175 eV
<end of output>
Test time =   0.00 sec
----------------------------------------------------------
Test Passed.
"gmd_smoke_ewald" end time: May 22 01:30 JST
"gmd_smoke_ewald" time elapsed: 00:00:00
----------------------------------------------------------

3/5 Testing: gmd_smoke_pme
3/5 Test: gmd_smoke_pme
Command: "/Users/guo/Documents/workspace/GMD/build_test/gmd" "/Users/guo/Documents/workspace/GMD/build_test/tests/smoke_ewald.xyz" "/Users/guo/Documents/workspace/GMD/build_test/tests/smoke_pme.run"
Directory: /Users/guo/Documents/workspace/GMD/build_test
"gmd_smoke_pme" start time: May 22 01:30 JST
Output:
----------------------------------------------------------
[gmd rank 0] Loaded inline force field from /Users/guo/Documents/workspace/GMD/build_test/tests/smoke_pme.run (1 element type(s))
[gmd rank 0] Coulomb: PME  order=4  grid=16x16x16
[gmd rank 0] Writing trajectory to /Users/guo/Documents/workspace/GMD/build_test/tests/output.xyz and energy log to /Users/guo/Documents/workspace/GMD/build_test/tests/output.log
[gmd rank 0] Running 10 steps with 8 atoms...
[gmd rank 0] Done. 2 frames written.
[gmd rank 0] Final PE = -0.775162 eV
<end of output>
Test time =   0.01 sec
----------------------------------------------------------
Test Passed.
"gmd_smoke_pme" end time: May 22 01:30 JST
"gmd_smoke_pme" time elapsed: 00:00:00
----------------------------------------------------------

4/5 Testing: gmd_smoke_mc_barostat
4/5 Test: gmd_smoke_mc_barostat
Command: "/Users/guo/Documents/workspace/GMD/build_test/gmd" "/Users/guo/Documents/workspace/GMD/build_test/tests/smoke_mc_barostat.xyz" "/Users/guo/Documents/workspace/GMD/build_test/tests/smoke_mc_barostat.run"
Directory: /Users/guo/Documents/workspace/GMD/build_test
"gmd_smoke_mc_barostat" start time: May 22 01:30 JST
Output:
----------------------------------------------------------
[gmd rank 0] Loaded inline force field from /Users/guo/Documents/workspace/GMD/build_test/tests/smoke_mc_barostat.run (1 element type(s))
[gmd rank 0] Thermostat: Nose-Hoover  tau=100 fs
[gmd rank 0] Barostat: Monte Carlo NPT  P=1 bar  freq=10  max_delta_ln_V=0.005
[gmd rank 0] Writing trajectory to /Users/guo/Documents/workspace/GMD/build_test/tests/output.xyz and energy log to /Users/guo/Documents/workspace/GMD/build_test/tests/output.log
[gmd rank 0] Running 50 steps with 4 atoms...
[gmd rank 0] Done. 2 frames written.
[gmd rank 0] Final PE = -0.00313657 eV
<end of output>
Test time =   0.00 sec
----------------------------------------------------------
Test Passed.
"gmd_smoke_mc_barostat" end time: May 22 01:30 JST
"gmd_smoke_mc_barostat" time elapsed: 00:00:00
----------------------------------------------------------

5/5 Testing: gmd_smoke_molecular
5/5 Test: gmd_smoke_molecular
Command: "/Users/guo/Documents/workspace/GMD/build_test/gmd" "/Users/guo/Documents/workspace/GMD/build_test/tests/smoke_molecular.xyz" "/Users/guo/Documents/workspace/GMD/build_test/tests/smoke_molecular.run" "/Users/guo/Documents/workspace/GMD/build_test/tests/smoke_molecular.ff" "/Users/guo/Documents/workspace/GMD/build_test/tests/smoke_molecular.top"
Directory: /Users/guo/Documents/workspace/GMD/build_test
"gmd_smoke_molecular" start time: May 22 01:30 JST
Output:
----------------------------------------------------------
[gmd rank 0] Loaded force field from /Users/guo/Documents/workspace/GMD/build_test/tests/smoke_molecular.ff (2 atom type(s), 1 bond(s), 0 angle(s), 0 dihedral(s), 0 improper(s))
[gmd rank 0] Loaded topology from /Users/guo/Documents/workspace/GMD/build_test/tests/smoke_molecular.top
[gmd rank 0] WARNING: molecular_nonbonded=lj_unsafe enables LJ without 1-2/1-3 exclusions.
[gmd rank 0]          This is unphysical for most molecular force fields and is intended
[gmd rank 0]          only for diagnostics until exclusion lists are implemented.
[gmd rank 0] Thermostat: Nose-Hoover  tau=100 fs
[gmd rank 0] Writing trajectory to /Users/guo/Documents/workspace/GMD/build_test/tests/output.xyz and energy log to /Users/guo/Documents/workspace/GMD/build_test/tests/output.log
[gmd rank 0] Running 20 steps with 2 atoms...
[gmd rank 0] Done. 2 frames written.
[gmd rank 0] Final PE = 0.81299 eV
<end of output>
Test time =   0.00 sec
----------------------------------------------------------
Test Passed.
"gmd_smoke_molecular" end time: May 22 01:30 JST
"gmd_smoke_molecular" time elapsed: 00:00:00
----------------------------------------------------------

End testing: May 22 01:30 JST

integration =   0.02 sec*proc

smoke =   0.02 sec*proc

