Start testing: May 22 01:30 JST
----------------------------------------------------------
1/7 Testing: gmd_smoke_inline_lj
1/7 Test: gmd_smoke_inline_lj
Command: "/Users/guo/Documents/workspace/GMD/build_mpi/gmd" "/Users/guo/Documents/workspace/GMD/build_mpi/tests/smoke_xyz.in" "/Users/guo/Documents/workspace/GMD/build_mpi/tests/smoke_run.in"
Directory: /Users/guo/Documents/workspace/GMD/build_mpi
"gmd_smoke_inline_lj" start time: May 22 01:30 JST
Output:
----------------------------------------------------------
[gmd rank 0] Loaded inline force field from /Users/guo/Documents/workspace/GMD/build_mpi/tests/smoke_run.in (1 element type(s))
[gmd rank 0] Writing trajectory to /Users/guo/Documents/workspace/GMD/build_mpi/tests/output.xyz and energy log to /Users/guo/Documents/workspace/GMD/build_mpi/tests/output.log
[gmd rank 0] Running 20 steps with 4 atoms...
[gmd rank 0] Done. 2 frames written.
[gmd rank 0] Final PE = -0.0033783 eV
<end of output>
Test time =   1.02 sec
----------------------------------------------------------
Test Passed.
"gmd_smoke_inline_lj" end time: May 22 01:30 JST
"gmd_smoke_inline_lj" time elapsed: 00:00:01
----------------------------------------------------------

2/7 Testing: gmd_smoke_ewald
2/7 Test: gmd_smoke_ewald
Command: "/Users/guo/Documents/workspace/GMD/build_mpi/gmd" "/Users/guo/Documents/workspace/GMD/build_mpi/tests/smoke_ewald.xyz" "/Users/guo/Documents/workspace/GMD/build_mpi/tests/smoke_ewald.run"
Directory: /Users/guo/Documents/workspace/GMD/build_mpi
"gmd_smoke_ewald" start time: May 22 01:30 JST
Output:
----------------------------------------------------------
[gmd rank 0] Loaded inline force field from /Users/guo/Documents/workspace/GMD/build_mpi/tests/smoke_ewald.run (1 element type(s))
[gmd rank 0] Coulomb: Ewald  alpha=0.3  kmax=3  r_cut=8
[gmd rank 0] Writing trajectory to /Users/guo/Documents/workspace/GMD/build_mpi/tests/output.xyz and energy log to /Users/guo/Documents/workspace/GMD/build_mpi/tests/output.log
[gmd rank 0] Running 10 steps with 8 atoms...
[gmd rank 0] Done. 2 frames written.
[gmd rank 0] Final PE = -0.826175 eV
<end of output>
Test time =   1.03 sec
----------------------------------------------------------
Test Passed.
"gmd_smoke_ewald" end time: May 22 01:30 JST
"gmd_smoke_ewald" time elapsed: 00:00:01
----------------------------------------------------------

3/7 Testing: gmd_smoke_pme
3/7 Test: gmd_smoke_pme
Command: "/Users/guo/Documents/workspace/GMD/build_mpi/gmd" "/Users/guo/Documents/workspace/GMD/build_mpi/tests/smoke_ewald.xyz" "/Users/guo/Documents/workspace/GMD/build_mpi/tests/smoke_pme.run"
Directory: /Users/guo/Documents/workspace/GMD/build_mpi
"gmd_smoke_pme" start time: May 22 01:30 JST
Output:
----------------------------------------------------------
[gmd rank 0] Loaded inline force field from /Users/guo/Documents/workspace/GMD/build_mpi/tests/smoke_pme.run (1 element type(s))
[gmd rank 0] Coulomb: PME  order=4  grid=16x16x16
[gmd rank 0] Writing trajectory to /Users/guo/Documents/workspace/GMD/build_mpi/tests/output.xyz and energy log to /Users/guo/Documents/workspace/GMD/build_mpi/tests/output.log
[gmd rank 0] Running 10 steps with 8 atoms...
[gmd rank 0] Done. 2 frames written.
[gmd rank 0] Final PE = -0.775162 eV
<end of output>
Test time =   1.05 sec
----------------------------------------------------------
Test Passed.
"gmd_smoke_pme" end time: May 22 01:30 JST
"gmd_smoke_pme" time elapsed: 00:00:01
----------------------------------------------------------

4/7 Testing: gmd_smoke_mc_barostat
4/7 Test: gmd_smoke_mc_barostat
Command: "/Users/guo/Documents/workspace/GMD/build_mpi/gmd" "/Users/guo/Documents/workspace/GMD/build_mpi/tests/smoke_mc_barostat.xyz" "/Users/guo/Documents/workspace/GMD/build_mpi/tests/smoke_mc_barostat.run"
Directory: /Users/guo/Documents/workspace/GMD/build_mpi
"gmd_smoke_mc_barostat" start time: May 22 01:30 JST
Output:
----------------------------------------------------------
[gmd rank 0] Loaded inline force field from /Users/guo/Documents/workspace/GMD/build_mpi/tests/smoke_mc_barostat.run (1 element type(s))
[gmd rank 0] Thermostat: Nose-Hoover  tau=100 fs
[gmd rank 0] Barostat: Monte Carlo NPT  P=1 bar  freq=10  max_delta_ln_V=0.005
[gmd rank 0] Writing trajectory to /Users/guo/Documents/workspace/GMD/build_mpi/tests/output.xyz and energy log to /Users/guo/Documents/workspace/GMD/build_mpi/tests/output.log
[gmd rank 0] Running 50 steps with 4 atoms...
[gmd rank 0] Done. 2 frames written.
[gmd rank 0] Final PE = -0.00313657 eV
<end of output>
Test time =   1.04 sec
----------------------------------------------------------
Test Passed.
"gmd_smoke_mc_barostat" end time: May 22 01:30 JST
"gmd_smoke_mc_barostat" time elapsed: 00:00:01
----------------------------------------------------------

5/7 Testing: gmd_smoke_molecular
5/7 Test: gmd_smoke_molecular
Command: "/Users/guo/Documents/workspace/GMD/build_mpi/gmd" "/Users/guo/Documents/workspace/GMD/build_mpi/tests/smoke_molecular.xyz" "/Users/guo/Documents/workspace/GMD/build_mpi/tests/smoke_molecular.run" "/Users/guo/Documents/workspace/GMD/build_mpi/tests/smoke_molecular.ff" "/Users/guo/Documents/workspace/GMD/build_mpi/tests/smoke_molecular.top"
Directory: /Users/guo/Documents/workspace/GMD/build_mpi
"gmd_smoke_molecular" start time: May 22 01:30 JST
Output:
----------------------------------------------------------
[gmd rank 0] Loaded force field from /Users/guo/Documents/workspace/GMD/build_mpi/tests/smoke_molecular.ff (2 atom type(s), 1 bond(s), 0 angle(s), 0 dihedral(s), 0 improper(s))
[gmd rank 0] Loaded topology from /Users/guo/Documents/workspace/GMD/build_mpi/tests/smoke_molecular.top
[gmd rank 0] WARNING: molecular_nonbonded=lj_unsafe enables LJ without 1-2/1-3 exclusions.
[gmd rank 0]          This is unphysical for most molecular force fields and is intended
[gmd rank 0]          only for diagnostics until exclusion lists are implemented.
[gmd rank 0] Thermostat: Nose-Hoover  tau=100 fs
[gmd rank 0] Writing trajectory to /Users/guo/Documents/workspace/GMD/build_mpi/tests/output.xyz and energy log to /Users/guo/Documents/workspace/GMD/build_mpi/tests/output.log
[gmd rank 0] Running 20 steps with 2 atoms...
[gmd rank 0] Done. 2 frames written.
[gmd rank 0] Final PE = 0.81299 eV
<end of output>
Test time =   1.04 sec
----------------------------------------------------------
Test Passed.
"gmd_smoke_molecular" end time: May 22 01:30 JST
"gmd_smoke_molecular" time elapsed: 00:00:01
----------------------------------------------------------

6/7 Testing: gmd_smoke_mpi_lj_2proc
6/7 Test: gmd_smoke_mpi_lj_2proc
Command: "/opt/miniconda3/bin/mpiexec" "-n" "2" "/Users/guo/Documents/workspace/GMD/build_mpi/gmd" "/Users/guo/Documents/workspace/GMD/build_mpi/tests/smoke_mpi_lj.xyz" "/Users/guo/Documents/workspace/GMD/build_mpi/tests/smoke_mpi_lj.run"
Directory: /Users/guo/Documents/workspace/GMD/build_mpi
"gmd_smoke_mpi_lj_2proc" start time: May 22 01:30 JST
Output:
----------------------------------------------------------
[gmd rank 0] Loaded inline force field from /Users/guo/Documents/workspace/GMD/build_mpi/tests/smoke_mpi_lj.run (1 element type(s))
[gmd rank 0] Domain decomposition owns 4 of 4 atoms before ghost exchange
[gmd rank 1] Domain decomposition owns 0 of 4 atoms before ghost exchange
[gmd rank 0] Writing trajectory to /Users/guo/Documents/workspace/GMD/build_mpi/tests/output.xyz and energy log to /Users/guo/Documents/workspace/GMD/build_mpi/tests/output.log
[gmd rank 0] Running 20 steps with 4 atoms...
[gmd rank 0] Done. 2 frames written.
[gmd rank 0] Final PE = -0.0033783 eV
<end of output>
Test time =   1.07 sec
----------------------------------------------------------
Test Passed.
"gmd_smoke_mpi_lj_2proc" end time: May 22 01:30 JST
"gmd_smoke_mpi_lj_2proc" time elapsed: 00:00:01
----------------------------------------------------------

7/7 Testing: gmd_smoke_mpi_lj_consistency
7/7 Test: gmd_smoke_mpi_lj_consistency
Command: "/opt/miniconda3/bin/cmake" "-DGMD_EXECUTABLE=/Users/guo/Documents/workspace/GMD/build_mpi/gmd" "-DGMD_COMPARE_EXECUTABLE=/Users/guo/Documents/workspace/GMD/build_mpi/gmd_compare_energy_logs" "-DMPIEXEC_EXECUTABLE=/opt/miniconda3/bin/mpiexec" "-DMPIEXEC_NUMPROC_FLAG=-n" "-DMPI_LJ_XYZ=/Users/guo/Documents/workspace/GMD/build_mpi/tests/smoke_mpi_lj.xyz" "-DMPI_LJ_RUN=/Users/guo/Documents/workspace/GMD/build_mpi/tests/smoke_mpi_lj.run" "-DMPI_LJ_WORK_ROOT=/Users/guo/Documents/workspace/GMD/build_mpi/tests/mpi_lj_consistency" "-P" "/Users/guo/Documents/workspace/GMD/cmake/RunMpiLJConsistency.cmake"
Directory: /Users/guo/Documents/workspace/GMD/build_mpi
"gmd_smoke_mpi_lj_consistency" start time: May 22 01:30 JST
Output:
----------------------------------------------------------
<end of output>
Test time =   2.13 sec
----------------------------------------------------------
Test Passed.
"gmd_smoke_mpi_lj_consistency" end time: May 22 01:30 JST
"gmd_smoke_mpi_lj_consistency" time elapsed: 00:00:02
----------------------------------------------------------

End testing: May 22 01:30 JST

integration =  11.59 sec*proc

mpi =   6.41 sec*proc

smoke =  11.59 sec*proc

